<?xml version="1.0" encoding="UTF-8"?>
<!-- Generated by org.testng.reporters.JUnitReportReporter -->
<testsuite hostname="IN-00210975" name="SumValidation" tests="1" failures="0" timestamp="19 Aug 2021 19:38:56 GMT" time="1.289" errors="0">
  <testcase name="sumOfCourses" time="1.289" classname="SumValidation"/>
</testsuite> <!-- SumValidation -->
